빌드 시작: 2016-03-21 오후 8:08:19
     1>2 노드의 "C:\Users\gunsct\Desktop\b177026유병훈 fsm\Buckland_Chapter2-State Machines\WestWorldWithMessaging\WestWorldWithMessaging.vcxproj" 프로젝트(Build 대상)입니다.
     1>ClCompile:
         C:\Program Files (x86)\Microsoft Visual Studio 11.0\VC\bin\CL.exe /c /ZI /nologo /W3 /WX- /Od /Oy- /D WIN32 /D _DEBUG /D _CONSOLE /D _VC80_UPGRADE=0x0600 /D _MBCS /Gm /EHsc /RTC1 /MTd /GS /fp:precise /Zc:wchar_t /Zc:forScope /GR /Fo".\Debug/" /Fd".\Debug/vc110.pdb" /FR".\Debug\\" /Gd /TP /analyze- /errorReport:prompt MinersWifeOwnedStates.cpp Moe.cpp
         건너뛰고 있습니다... (관련된 변경 내용 없음)
         Moe.cpp
         MinersWifeOwnedStates.cpp
       Link:
         C:\Program Files (x86)\Microsoft Visual Studio 11.0\VC\bin\link.exe /ERRORREPORT:PROMPT /OUT:".\Debug/WestWorldWithMessaging.exe" /INCREMENTAL /NOLOGO kernel32.lib user32.lib gdi32.lib winspool.lib comdlg32.lib advapi32.lib shell32.lib ole32.lib oleaut32.lib uuid.lib odbc32.lib odbccp32.lib /MANIFEST /MANIFESTUAC:"level='asInvoker' uiAccess='false'" /manifest:embed /DEBUG /PDB:".\Debug/WestWorldWithMessaging.pdb" /SUBSYSTEM:CONSOLE /TLBID:1 /DYNAMICBASE /NXCOMPAT /IMPLIB:".\Debug\WestWorldWithMessaging.lib" /MACHINE:X86 /SAFESEH .\Debug/BaseGameEntity.obj
         .\Debug/EntityManager.obj
         .\Debug/main.obj
         .\Debug/MessageDispatcher.obj
         .\Debug/Miner.obj
         .\Debug/MinerOwnedStates.obj
         .\Debug/MinersWife.obj
         .\Debug/MinersWifeOwnedStates.obj
         .\Debug/CrudeTimer.obj
         .\Debug/Moe.obj
         .\Debug/MoeStates.obj
         WestWorldWithMessaging.vcxproj -> C:\Users\gunsct\Desktop\b177026유병훈 fsm\Buckland_Chapter2-State Machines\WestWorldWithMessaging\.\Debug\WestWorldWithMessaging.exe
     1>"C:\Users\gunsct\Desktop\b177026유병훈 fsm\Buckland_Chapter2-State Machines\WestWorldWithMessaging\WestWorldWithMessaging.vcxproj" 프로젝트를 빌드했습니다(Build 대상).

빌드했습니다.

경과 시간: 00:00:00.35
